#
# There is insufficient memory for the Java Runtime Environment to continue.
# Native memory allocation (mmap) failed to map 335544320 bytes for G1 virtual space
# Possible reasons:
#   The system is out of physical RAM or swap space
#   The process is running with CompressedOops enabled, and the Java Heap may be blocking the growth of the native heap
# Possible solutions:
#   Reduce memory load on the system
#   Increase physical memory or swap space
#   Check if swap backing store is full
#   Decrease Java heap size (-Xmx/-Xms)
#   Decrease number of Java threads
#   Decrease Java thread stack sizes (-Xss)
#   Set larger code cache with -XX:ReservedCodeCacheSize=
#   JVM is running with Zero Based Compressed Oops mode in which the Java heap is
#     placed in the first 32GB address space. The Java Heap base address is the
#     maximum limit for the native heap growth. Please use -XX:HeapBaseMinAddress
#     to set the Java Heap base and to place the Java Heap above 32GB virtual address.
# This output file may be truncated or incomplete.
#
#  Out of Memory Error (os_windows.cpp:3550), pid=34676, tid=42496
#
# JRE version:  (17.0.7+8) (build )
# Java VM: Java HotSpot(TM) 64-Bit Server VM (17.0.7+8-LTS-224, mixed mode, sharing, tiered, compressed oops, compressed class ptrs, g1 gc, windows-amd64)
# No core dump will be written. Minidumps are not enabled by default on client versions of Windows
#

---------------  S U M M A R Y ------------

Command Line: -Dnet.bytebuddy.agent.attacher.dump= net.bytebuddy.agent.Attacher com.sun.tools.attach.VirtualMachine 41844 C:\Users\Flavio\.m2\repository\net\bytebuddy\byte-buddy-agent\1.14.4\byte-buddy-agent-1.14.4.jar false 

Host: Intel(R) Core(TM) i7-8565U CPU @ 1.80GHz, 8 cores, 19G,  Windows 11 , 64 bit Build 22621 (10.0.22621.1778)
Time: Thu Jul 13 17:58:40 2023 Bahia Standard Time elapsed time: 0.014946 seconds (0d 0h 0m 0s)

---------------  T H R E A D  ---------------

Current thread (0x000002235909d490):  JavaThread "Unknown thread" [_thread_in_vm, id=42496, stack(0x0000007656d00000,0x0000007656e00000)]

Stack: [0x0000007656d00000,0x0000007656e00000]
Native frames: (J=compiled Java code, j=interpreted, Vv=VM code, C=native code)
V  [jvm.dll+0x676a4a]
V  [jvm.dll+0x7d74f4]
V  [jvm.dll+0x7d8c9e]
V  [jvm.dll+0x7d9303]
V  [jvm.dll+0x2452c5]
V  [jvm.dll+0x6738f9]
V  [jvm.dll+0x668232]
V  [jvm.dll+0x302826]
V  [jvm.dll+0x309da6]
V  [jvm.dll+0x35952e]
V  [jvm.dll+0x35975f]
V  [jvm.dll+0x2d9a38]
V  [jvm.dll+0x2da9a4]
V  [jvm.dll+0x7a8fb1]
V  [jvm.dll+0x3670e1]
V  [jvm.dll+0x788359]
V  [jvm.dll+0x3ea5ef]
V  [jvm.dll+0x3ec071]
C  [jli.dll+0x5297]
C  [ucrtbase.dll+0x29363]
C  [KERNEL32.DLL+0x126ad]
C  [ntdll.dll+0x5a9f8]


---------------  P R O C E S S  ---------------

Threads class SMR info:
_java_thread_list=0x00007ff828ab4998, length=0, elements={
}

Java Threads: ( => current thread )

Other Threads:
  0x0000022359113520 GCTaskThread "GC Thread#0" [stack: 0x0000007656e00000,0x0000007656f00000] [id=34492]
  0x000002235911e370 ConcurrentGCThread "G1 Main Marker" [stack: 0x0000007656f00000,0x0000007657000000] [id=45040]
  0x0000022359120690 ConcurrentGCThread "G1 Conc#0" [stack: 0x0000007657000000,0x0000007657100000] [id=14556]

[error occurred during error reporting (printing all threads), id 0xc0000005, EXCEPTION_ACCESS_VIOLATION (0xc0000005) at pc=0x00007ff8282ea697]

VM state: not at safepoint (not fully initialized)

VM Mutex/Monitor currently owned by a thread:  ([mutex/lock_event])
[0x0000022359098d90] Heap_lock - owner thread: 0x000002235909d490

Heap address: 0x00000006c1c00000, size: 5092 MB, Compressed Oops mode: Zero based, Oop shift amount: 3

CDS archive(s) mapped at: [0x0000000000000000-0x0000000000000000-0x0000000000000000), size 0, SharedBaseAddress: 0x0000000800000000, ArchiveRelocationMode: 0.
Narrow klass base: 0x0000000000000000, Narrow klass shift: 0, Narrow klass range: 0x0

GC Precious Log:
<Empty>

Heap:
 garbage-first heap   total 0K, used 0K [0x00000006c1c00000, 0x0000000800000000)
  region size 4096K, 0 young (0K), 0 survivors (0K)

[error occurred during error reporting (printing heap information), id 0xc0000005, EXCEPTION_ACCESS_VIOLATION (0xc0000005) at pc=0x00007ff8286d00b9]

GC Heap History (0 events):
No events

Deoptimization events (0 events):
No events

Classes unloaded (0 events):
No events

Classes redefined (0 events):
No events

Internal exceptions (0 events):
No events

VM Operations (0 events):
No events

Events (1 events):
Event: 0.010 Loaded shared library C:\Program Files\Java\jdk-17\bin\java.dll


Dynamic libraries:
0x00007ff601730000 - 0x00007ff601740000 	C:\Program Files\Java\jdk-17\bin\java.exe
0x00007ff8b7310000 - 0x00007ff8b7524000 	C:\WINDOWS\SYSTEM32\ntdll.dll
0x00007ff8b70b0000 - 0x00007ff8b7172000 	C:\WINDOWS\System32\KERNEL32.DLL
0x00007ff8b4c50000 - 0x00007ff8b4ff3000 	C:\WINDOWS\System32\KERNELBASE.dll
0x00007ff8b4a40000 - 0x00007ff8b4b51000 	C:\WINDOWS\System32\ucrtbase.dll
0x00007ff8a9800000 - 0x00007ff8a9819000 	C:\Program Files\Java\jdk-17\bin\jli.dll
0x00007ff8aad40000 - 0x00007ff8aad5b000 	C:\Program Files\Java\jdk-17\bin\VCRUNTIME140.dll
0x00007ff8b5bf0000 - 0x00007ff8b5c9e000 	C:\WINDOWS\System32\ADVAPI32.dll
0x00007ff8b6020000 - 0x00007ff8b60c7000 	C:\WINDOWS\System32\msvcrt.dll
0x00007ff8b56e0000 - 0x00007ff8b5784000 	C:\WINDOWS\System32\sechost.dll
0x00007ff8b60d0000 - 0x00007ff8b61e7000 	C:\WINDOWS\System32\RPCRT4.dll
0x00007ff8b6f00000 - 0x00007ff8b70ab000 	C:\WINDOWS\System32\USER32.dll
0x00007ff8b50c0000 - 0x00007ff8b50e6000 	C:\WINDOWS\System32\win32u.dll
0x00007ff8b5810000 - 0x00007ff8b5839000 	C:\WINDOWS\System32\GDI32.dll
0x00007ff890c50000 - 0x00007ff890ede000 	C:\WINDOWS\WinSxS\amd64_microsoft.windows.common-controls_6595b64144ccf1df_6.0.22621.1635_none_270f70857386168e\COMCTL32.dll
0x00007ff8b4710000 - 0x00007ff8b4829000 	C:\WINDOWS\System32\gdi32full.dll
0x00007ff8b49a0000 - 0x00007ff8b4a3a000 	C:\WINDOWS\System32\msvcp_win.dll
0x00007ff8acd30000 - 0x00007ff8acd3a000 	C:\WINDOWS\SYSTEM32\VERSION.dll
0x00007ff8b5200000 - 0x00007ff8b5231000 	C:\WINDOWS\System32\IMM32.DLL
0x00007ff8af8a0000 - 0x00007ff8af8ac000 	C:\Program Files\Java\jdk-17\bin\vcruntime140_1.dll
0x00007ff883750000 - 0x00007ff8837de000 	C:\Program Files\Java\jdk-17\bin\msvcp140.dll
0x00007ff828000000 - 0x00007ff828bdd000 	C:\Program Files\Java\jdk-17\bin\server\jvm.dll
0x00007ff8b7180000 - 0x00007ff8b7188000 	C:\WINDOWS\System32\PSAPI.DLL
0x00007ff89d0f0000 - 0x00007ff89d0f9000 	C:\WINDOWS\SYSTEM32\WSOCK32.dll
0x00007ff8aac40000 - 0x00007ff8aac74000 	C:\WINDOWS\SYSTEM32\WINMM.dll
0x00007ff8b5790000 - 0x00007ff8b5801000 	C:\WINDOWS\System32\WS2_32.dll
0x00007ff8b3700000 - 0x00007ff8b3718000 	C:\WINDOWS\SYSTEM32\kernel.appcore.dll
0x00007ff8a96f0000 - 0x00007ff8a96fa000 	C:\Program Files\Java\jdk-17\bin\jimage.dll
0x00007ff8b1f40000 - 0x00007ff8b216e000 	C:\WINDOWS\SYSTEM32\DBGHELP.DLL
0x00007ff8b5840000 - 0x00007ff8b5bc9000 	C:\WINDOWS\System32\combase.dll
0x00007ff8b71f0000 - 0x00007ff8b72c7000 	C:\WINDOWS\System32\OLEAUT32.dll
0x00007ff89fbb0000 - 0x00007ff89fbe2000 	C:\WINDOWS\SYSTEM32\dbgcore.DLL
0x00007ff8b4b60000 - 0x00007ff8b4bdb000 	C:\WINDOWS\System32\bcryptPrimitives.dll
0x00007ff89d730000 - 0x00007ff89d755000 	C:\Program Files\Java\jdk-17\bin\java.dll

dbghelp: loaded successfully - version: 4.0.5 - missing functions: none
symbol engine: initialized successfully - sym options: 0x614 - pdb path: .;C:\Program Files\Java\jdk-17\bin;C:\WINDOWS\SYSTEM32;C:\WINDOWS\WinSxS\amd64_microsoft.windows.common-controls_6595b64144ccf1df_6.0.22621.1635_none_270f70857386168e;C:\Program Files\Java\jdk-17\bin\server

VM Arguments:
jvm_args: -Dnet.bytebuddy.agent.attacher.dump= 
java_command: net.bytebuddy.agent.Attacher com.sun.tools.attach.VirtualMachine 41844 C:\Users\Flavio\.m2\repository\net\bytebuddy\byte-buddy-agent\1.14.4\byte-buddy-agent-1.14.4.jar false 
java_class_path (initial): C:\Users\Flavio\.m2\repository\net\bytebuddy\byte-buddy-agent\1.14.4\byte-buddy-agent-1.14.4.jar
Launcher Type: SUN_STANDARD

[Global flags]
     intx CICompilerCount                          = 4                                         {product} {ergonomic}
     uint ConcGCThreads                            = 2                                         {product} {ergonomic}
     uint G1ConcRefinementThreads                  = 8                                         {product} {ergonomic}
   size_t G1HeapRegionSize                         = 4194304                                   {product} {ergonomic}
    uintx GCDrainStackTargetSize                   = 64                                        {product} {ergonomic}
   size_t InitialHeapSize                          = 335544320                                 {product} {ergonomic}
   size_t MarkStackSize                            = 4194304                                   {product} {ergonomic}
   size_t MaxHeapSize                              = 5339348992                                {product} {ergonomic}
   size_t MinHeapDeltaBytes                        = 4194304                                   {product} {ergonomic}
   size_t MinHeapSize                              = 8388608                                   {product} {ergonomic}
    uintx NonNMethodCodeHeapSize                   = 5839372                                {pd product} {ergonomic}
    uintx NonProfiledCodeHeapSize                  = 122909434                              {pd product} {ergonomic}
    uintx ProfiledCodeHeapSize                     = 122909434                              {pd product} {ergonomic}
    uintx ReservedCodeCacheSize                    = 251658240                              {pd product} {ergonomic}
     bool SegmentedCodeCache                       = true                                      {product} {ergonomic}
   size_t SoftMaxHeapSize                          = 5339348992                             {manageable} {ergonomic}
     bool UseCompressedClassPointers               = true                           {product lp64_product} {ergonomic}
     bool UseCompressedOops                        = true                           {product lp64_product} {ergonomic}
     bool UseG1GC                                  = true                                      {product} {ergonomic}
     bool UseLargePagesIndividualAllocation        = false                                  {pd product} {ergonomic}

Logging:
Log output configuration:
 #0: stdout all=warning uptime,level,tags
 #1: stderr all=off uptime,level,tags

Environment Variables:
JAVA_HOME=C:\Program Files\Java\jdk-11.0.16
PATH=C:\Program Files (x86)\Microsoft SDKs\Azure\CLI2\wbin;C:\Program Files\Common Files\Oracle\Java\javapath;C:\Program Files (x86)\Common Files\Oracle\Java\javapath;C:\Program Files\Eclipse Foundation\jdk-8.0.302.8-hotspot\bin;C:\Python310\Scripts\;C:\Python310\;C:\Program Files\Microsoft MPI\Bin\;C:\Python39\Scripts\;C:\Python39\;C:\WINDOWS\system32;C:\WINDOWS;C:\WINDOWS\System32\Wbem;C:\WINDOWS\System32\WindowsPowerShell\v1.0\;C:\Program Files\dotnet\;C:\WINDOWS\System32\OpenSSH\;C:\ProgramData\chocolatey\bin;C:\Program Files\Microsoft SQL Server\130\Tools\Binn\;C:\Program Files\Microsoft SQL Server\Client SDK\ODBC\170\Tools\Binn\;C:\Program Files (x86)\Microsoft SQL Server\150\Tools\Binn\;C:\Program Files\Microsoft SQL Server\150\Tools\Binn\;C:\Program Files (x86)\Microsoft SQL Server\150\DTS\Binn\;C:\Program Files\Microsoft SQL Server\150\DTS\Binn\;C:\Program Files\Git\cmd;C:\Program Files\Amazon\AWSCLIV2\;C:\WINDOWS\system32;C:\WINDOWS;C:\WINDOWS\System32\Wbem;C:\WINDOWS\System32\WindowsPowerShell\v1.0\;C:\WINDOWS\System32\OpenSSH\;C:\Program Files\Docker\Docker\resources\bin;D:\Program Files\nodejs\;C:\Users\Flavio\.dotnet\tools;C:\Users\Flavio\AppData\Local\Programs\Microsoft VS Code\bin;C:\Users\Flavio\AppData\Local\Microsoft\WindowsApps;C:\Users\Flavio\AppData\Roaming\npm\node_modules\@angular\cli\bin\;C:\Program Files\Azure Data Studio\bin;C:\Program Files\Notepad++;C:\Program Files\MongoDB\Server\5.0\bin;C:\Users\Flavio\Kafka\zookeeper\bin;C:\Users\Flavio\Kafka\gradle-7.5\bin;C:\Users\Flavio\AppData\Local\GitHubDesktop\bin;C:\Program Files\JetBrains\IntelliJ IDEA 2022.2.2\bin;C:\Users\Flavio\AppData\Local\JetBrains\Toolbox\scripts;C:\Program Files\Java\jdk-11.0.16\bin;C:\Users\Flavio\.dotnet\tools;C:\Users\Flavio\AppData\Local\Microsoft\WindowsApps;C:\Program Files\Multipass\bin;d:\Program Files\JetBrains\IntelliJ IDEA 2023.1.3\bin;;D:\Program Files\JetBrains\IntelliJ IDEA Community Edition 2023.1.3\bin;;C:\Users\Flavio\AppData\Roaming\npm
USERNAME=Flavio
OS=Windows_NT
PROCESSOR_IDENTIFIER=Intel64 Family 6 Model 142 Stepping 12, GenuineIntel



---------------  S Y S T E M  ---------------

OS:
 Windows 11 , 64 bit Build 22621 (10.0.22621.1778)
OS uptime: 2 days 16:28 hours
Hyper-V role detected

CPU: total 8 (initial active 8) (4 cores per cpu, 2 threads per core) family 6 model 142 stepping 12 microcode 0xde, cx8, cmov, fxsr, ht, mmx, 3dnowpref, sse, sse2, sse3, ssse3, sse4.1, sse4.2, popcnt, lzcnt, tsc, tscinvbit, avx, avx2, aes, erms, clmul, bmi1, bmi2, adx, fma, vzeroupper, clflush, clflushopt, hv

Memory: 4k page, system-wide physical 20360M (3700M free)
TotalPageFile size 29360M (AvailPageFile size 232M)
current process WorkingSet (physical memory assigned to process): 11M, peak: 11M
current process commit charge ("private bytes"): 60M, peak: 380M

vm_info: Java HotSpot(TM) 64-Bit Server VM (17.0.7+8-LTS-224) for windows-amd64 JRE (17.0.7+8-LTS-224), built on Feb 28 2023 23:03:02 by "mach5one" with MS VC++ 17.1 (VS2022)

END.
